ARM GAS  C:\Users\tugru\AppData\Local\Temp\ccVNcpu7.s 			page 1


   1              		.cpu cortex-m4
   2              		.arch armv7e-m
   3              		.fpu fpv4-sp-d16
   4              		.eabi_attribute 27, 1
   5              		.eabi_attribute 28, 1
   6              		.eabi_attribute 20, 1
   7              		.eabi_attribute 21, 1
   8              		.eabi_attribute 23, 3
   9              		.eabi_attribute 24, 1
  10              		.eabi_attribute 25, 1
  11              		.eabi_attribute 26, 1
  12              		.eabi_attribute 30, 1
  13              		.eabi_attribute 34, 1
  14              		.eabi_attribute 18, 4
  15              		.file	"main.c"
  16              		.text
  17              	.Ltext0:
  18              		.cfi_sections	.debug_frame
  19              		.file 1 "Core/Src/main.c"
  20              		.section	.text.MX_GPIO_Init,"ax",%progbits
  21              		.align	1
  22              		.syntax unified
  23              		.thumb
  24              		.thumb_func
  26              	MX_GPIO_Init:
  27              	.LFB133:
   1:Core/Src/main.c **** /* USER CODE BEGIN Header */
   2:Core/Src/main.c **** /**
   3:Core/Src/main.c ****   ******************************************************************************
   4:Core/Src/main.c ****   * @file           : main.c
   5:Core/Src/main.c ****   * @brief          : Main program body
   6:Core/Src/main.c ****   ******************************************************************************
   7:Core/Src/main.c ****   * @attention
   8:Core/Src/main.c ****   *
   9:Core/Src/main.c ****   * Copyright (c) 2022 STMicroelectronics.
  10:Core/Src/main.c ****   * All rights reserved.
  11:Core/Src/main.c ****   *
  12:Core/Src/main.c ****   * This software is licensed under terms that can be found in the LICENSE file
  13:Core/Src/main.c ****   * in the root directory of this software component.
  14:Core/Src/main.c ****   * If no LICENSE file comes with this software, it is provided AS-IS.
  15:Core/Src/main.c ****   *
  16:Core/Src/main.c ****   ******************************************************************************
  17:Core/Src/main.c ****   */
  18:Core/Src/main.c **** /* USER CODE END Header */
  19:Core/Src/main.c **** /* Includes ------------------------------------------------------------------*/
  20:Core/Src/main.c **** #include "main.h"
  21:Core/Src/main.c **** 
  22:Core/Src/main.c **** /* Private includes ----------------------------------------------------------*/
  23:Core/Src/main.c **** /* USER CODE BEGIN Includes */
  24:Core/Src/main.c **** 
  25:Core/Src/main.c **** /* USER CODE END Includes */
  26:Core/Src/main.c **** 
  27:Core/Src/main.c **** /* Private typedef -----------------------------------------------------------*/
  28:Core/Src/main.c **** /* USER CODE BEGIN PTD */
  29:Core/Src/main.c **** 
  30:Core/Src/main.c **** /* USER CODE END PTD */
  31:Core/Src/main.c **** 
ARM GAS  C:\Users\tugru\AppData\Local\Temp\ccVNcpu7.s 			page 2


  32:Core/Src/main.c **** /* Private define ------------------------------------------------------------*/
  33:Core/Src/main.c **** /* USER CODE BEGIN PD */
  34:Core/Src/main.c **** /* USER CODE END PD */
  35:Core/Src/main.c **** 
  36:Core/Src/main.c **** /* Private macro -------------------------------------------------------------*/
  37:Core/Src/main.c **** /* USER CODE BEGIN PM */
  38:Core/Src/main.c **** 
  39:Core/Src/main.c **** /* USER CODE END PM */
  40:Core/Src/main.c **** 
  41:Core/Src/main.c **** /* Private variables ---------------------------------------------------------*/
  42:Core/Src/main.c **** UART_HandleTypeDef huart2;
  43:Core/Src/main.c **** 
  44:Core/Src/main.c **** /* USER CODE BEGIN PV */
  45:Core/Src/main.c **** 
  46:Core/Src/main.c **** /* USER CODE END PV */
  47:Core/Src/main.c **** 
  48:Core/Src/main.c **** /* Private function prototypes -----------------------------------------------*/
  49:Core/Src/main.c **** void SystemClock_Config(void);
  50:Core/Src/main.c **** static void MX_GPIO_Init(void);
  51:Core/Src/main.c **** static void MX_USART2_UART_Init(void);
  52:Core/Src/main.c **** /* USER CODE BEGIN PFP */
  53:Core/Src/main.c **** 
  54:Core/Src/main.c **** /* USER CODE END PFP */
  55:Core/Src/main.c **** 
  56:Core/Src/main.c **** /* Private user code ---------------------------------------------------------*/
  57:Core/Src/main.c **** /* USER CODE BEGIN 0 */
  58:Core/Src/main.c **** 
  59:Core/Src/main.c **** /* USER CODE END 0 */
  60:Core/Src/main.c **** 
  61:Core/Src/main.c **** /**
  62:Core/Src/main.c ****   * @brief  The application entry point.
  63:Core/Src/main.c ****   * @retval int
  64:Core/Src/main.c ****   */
  65:Core/Src/main.c **** int main(void)
  66:Core/Src/main.c **** {
  67:Core/Src/main.c ****   /* USER CODE BEGIN 1 */
  68:Core/Src/main.c **** 
  69:Core/Src/main.c ****   /* USER CODE END 1 */
  70:Core/Src/main.c **** 
  71:Core/Src/main.c ****   /* MCU Configuration--------------------------------------------------------*/
  72:Core/Src/main.c **** 
  73:Core/Src/main.c ****   /* Reset of all peripherals, Initializes the Flash interface and the Systick. */
  74:Core/Src/main.c ****   HAL_Init();
  75:Core/Src/main.c **** 
  76:Core/Src/main.c ****   /* USER CODE BEGIN Init */
  77:Core/Src/main.c **** 
  78:Core/Src/main.c ****   /* USER CODE END Init */
  79:Core/Src/main.c **** 
  80:Core/Src/main.c ****   /* Configure the system clock */
  81:Core/Src/main.c ****   SystemClock_Config();
  82:Core/Src/main.c **** 
  83:Core/Src/main.c ****   /* USER CODE BEGIN SysInit */
  84:Core/Src/main.c **** 
  85:Core/Src/main.c ****   /* USER CODE END SysInit */
  86:Core/Src/main.c **** 
  87:Core/Src/main.c ****   /* Initialize all configured peripherals */
  88:Core/Src/main.c ****   MX_GPIO_Init();
ARM GAS  C:\Users\tugru\AppData\Local\Temp\ccVNcpu7.s 			page 3


  89:Core/Src/main.c ****   MX_USART2_UART_Init();
  90:Core/Src/main.c ****   /* USER CODE BEGIN 2 */
  91:Core/Src/main.c **** 
  92:Core/Src/main.c ****   /* USER CODE END 2 */
  93:Core/Src/main.c **** 
  94:Core/Src/main.c ****   /* Infinite loop */
  95:Core/Src/main.c ****   /* USER CODE BEGIN WHILE */
  96:Core/Src/main.c ****   while (1)
  97:Core/Src/main.c ****   {
  98:Core/Src/main.c ****     /* USER CODE END WHILE */
  99:Core/Src/main.c **** 	HAL_GPIO_TogglePin(LD2_GPIO_Port,LD2_Pin);
 100:Core/Src/main.c **** 	HAL_Delay(5000);
 101:Core/Src/main.c ****     /* USER CODE BEGIN 3 */
 102:Core/Src/main.c ****   }
 103:Core/Src/main.c ****   /* USER CODE END 3 */
 104:Core/Src/main.c **** }
 105:Core/Src/main.c **** 
 106:Core/Src/main.c **** /**
 107:Core/Src/main.c ****   * @brief System Clock Configuration
 108:Core/Src/main.c ****   * @retval None
 109:Core/Src/main.c ****   */
 110:Core/Src/main.c **** void SystemClock_Config(void)
 111:Core/Src/main.c **** {
 112:Core/Src/main.c ****   RCC_OscInitTypeDef RCC_OscInitStruct = {0};
 113:Core/Src/main.c ****   RCC_ClkInitTypeDef RCC_ClkInitStruct = {0};
 114:Core/Src/main.c **** 
 115:Core/Src/main.c ****   /** Configure the main internal regulator output voltage
 116:Core/Src/main.c ****   */
 117:Core/Src/main.c ****   __HAL_RCC_PWR_CLK_ENABLE();
 118:Core/Src/main.c ****   __HAL_PWR_VOLTAGESCALING_CONFIG(PWR_REGULATOR_VOLTAGE_SCALE1);
 119:Core/Src/main.c **** 
 120:Core/Src/main.c ****   /** Initializes the RCC Oscillators according to the specified parameters
 121:Core/Src/main.c ****   * in the RCC_OscInitTypeDef structure.
 122:Core/Src/main.c ****   */
 123:Core/Src/main.c ****   RCC_OscInitStruct.OscillatorType = RCC_OSCILLATORTYPE_HSE;
 124:Core/Src/main.c ****   RCC_OscInitStruct.HSEState = RCC_HSE_BYPASS;
 125:Core/Src/main.c ****   RCC_OscInitStruct.PLL.PLLState = RCC_PLL_ON;
 126:Core/Src/main.c ****   RCC_OscInitStruct.PLL.PLLSource = RCC_PLLSOURCE_HSE;
 127:Core/Src/main.c ****   RCC_OscInitStruct.PLL.PLLM = 4;
 128:Core/Src/main.c ****   RCC_OscInitStruct.PLL.PLLN = 100;
 129:Core/Src/main.c ****   RCC_OscInitStruct.PLL.PLLP = RCC_PLLP_DIV2;
 130:Core/Src/main.c ****   RCC_OscInitStruct.PLL.PLLQ = 4;
 131:Core/Src/main.c ****   if (HAL_RCC_OscConfig(&RCC_OscInitStruct) != HAL_OK)
 132:Core/Src/main.c ****   {
 133:Core/Src/main.c ****     Error_Handler();
 134:Core/Src/main.c ****   }
 135:Core/Src/main.c **** 
 136:Core/Src/main.c ****   /** Initializes the CPU, AHB and APB buses clocks
 137:Core/Src/main.c ****   */
 138:Core/Src/main.c ****   RCC_ClkInitStruct.ClockType = RCC_CLOCKTYPE_HCLK|RCC_CLOCKTYPE_SYSCLK
 139:Core/Src/main.c ****                               |RCC_CLOCKTYPE_PCLK1|RCC_CLOCKTYPE_PCLK2;
 140:Core/Src/main.c ****   RCC_ClkInitStruct.SYSCLKSource = RCC_SYSCLKSOURCE_PLLCLK;
 141:Core/Src/main.c ****   RCC_ClkInitStruct.AHBCLKDivider = RCC_SYSCLK_DIV1;
 142:Core/Src/main.c ****   RCC_ClkInitStruct.APB1CLKDivider = RCC_HCLK_DIV2;
 143:Core/Src/main.c ****   RCC_ClkInitStruct.APB2CLKDivider = RCC_HCLK_DIV1;
 144:Core/Src/main.c **** 
 145:Core/Src/main.c ****   if (HAL_RCC_ClockConfig(&RCC_ClkInitStruct, FLASH_LATENCY_3) != HAL_OK)
ARM GAS  C:\Users\tugru\AppData\Local\Temp\ccVNcpu7.s 			page 4


 146:Core/Src/main.c ****   {
 147:Core/Src/main.c ****     Error_Handler();
 148:Core/Src/main.c ****   }
 149:Core/Src/main.c **** }
 150:Core/Src/main.c **** 
 151:Core/Src/main.c **** /**
 152:Core/Src/main.c ****   * @brief USART2 Initialization Function
 153:Core/Src/main.c ****   * @param None
 154:Core/Src/main.c ****   * @retval None
 155:Core/Src/main.c ****   */
 156:Core/Src/main.c **** static void MX_USART2_UART_Init(void)
 157:Core/Src/main.c **** {
 158:Core/Src/main.c **** 
 159:Core/Src/main.c ****   /* USER CODE BEGIN USART2_Init 0 */
 160:Core/Src/main.c **** 
 161:Core/Src/main.c ****   /* USER CODE END USART2_Init 0 */
 162:Core/Src/main.c **** 
 163:Core/Src/main.c ****   /* USER CODE BEGIN USART2_Init 1 */
 164:Core/Src/main.c **** 
 165:Core/Src/main.c ****   /* USER CODE END USART2_Init 1 */
 166:Core/Src/main.c ****   huart2.Instance = USART2;
 167:Core/Src/main.c ****   huart2.Init.BaudRate = 115200;
 168:Core/Src/main.c ****   huart2.Init.WordLength = UART_WORDLENGTH_8B;
 169:Core/Src/main.c ****   huart2.Init.StopBits = UART_STOPBITS_1;
 170:Core/Src/main.c ****   huart2.Init.Parity = UART_PARITY_NONE;
 171:Core/Src/main.c ****   huart2.Init.Mode = UART_MODE_TX_RX;
 172:Core/Src/main.c ****   huart2.Init.HwFlowCtl = UART_HWCONTROL_NONE;
 173:Core/Src/main.c ****   huart2.Init.OverSampling = UART_OVERSAMPLING_16;
 174:Core/Src/main.c ****   if (HAL_UART_Init(&huart2) != HAL_OK)
 175:Core/Src/main.c ****   {
 176:Core/Src/main.c ****     Error_Handler();
 177:Core/Src/main.c ****   }
 178:Core/Src/main.c ****   /* USER CODE BEGIN USART2_Init 2 */
 179:Core/Src/main.c **** 
 180:Core/Src/main.c ****   /* USER CODE END USART2_Init 2 */
 181:Core/Src/main.c **** 
 182:Core/Src/main.c **** }
 183:Core/Src/main.c **** 
 184:Core/Src/main.c **** /**
 185:Core/Src/main.c ****   * @brief GPIO Initialization Function
 186:Core/Src/main.c ****   * @param None
 187:Core/Src/main.c ****   * @retval None
 188:Core/Src/main.c ****   */
 189:Core/Src/main.c **** static void MX_GPIO_Init(void)
 190:Core/Src/main.c **** {
  28              		.loc 1 190 1 view -0
  29              		.cfi_startproc
  30              		@ args = 0, pretend = 0, frame = 40
  31              		@ frame_needed = 0, uses_anonymous_args = 0
  32 0000 30B5     		push	{r4, r5, lr}
  33              	.LCFI0:
  34              		.cfi_def_cfa_offset 12
  35              		.cfi_offset 4, -12
  36              		.cfi_offset 5, -8
  37              		.cfi_offset 14, -4
  38 0002 8BB0     		sub	sp, sp, #44
  39              	.LCFI1:
ARM GAS  C:\Users\tugru\AppData\Local\Temp\ccVNcpu7.s 			page 5


  40              		.cfi_def_cfa_offset 56
 191:Core/Src/main.c ****   GPIO_InitTypeDef GPIO_InitStruct = {0};
  41              		.loc 1 191 3 view .LVU1
  42              		.loc 1 191 20 is_stmt 0 view .LVU2
  43 0004 0024     		movs	r4, #0
  44 0006 0594     		str	r4, [sp, #20]
  45 0008 0694     		str	r4, [sp, #24]
  46 000a 0794     		str	r4, [sp, #28]
  47 000c 0894     		str	r4, [sp, #32]
  48 000e 0994     		str	r4, [sp, #36]
 192:Core/Src/main.c **** 
 193:Core/Src/main.c ****   /* GPIO Ports Clock Enable */
 194:Core/Src/main.c ****   __HAL_RCC_GPIOC_CLK_ENABLE();
  49              		.loc 1 194 3 is_stmt 1 view .LVU3
  50              	.LBB4:
  51              		.loc 1 194 3 view .LVU4
  52 0010 0194     		str	r4, [sp, #4]
  53              		.loc 1 194 3 view .LVU5
  54 0012 224B     		ldr	r3, .L3
  55 0014 1A6B     		ldr	r2, [r3, #48]
  56 0016 42F00402 		orr	r2, r2, #4
  57 001a 1A63     		str	r2, [r3, #48]
  58              		.loc 1 194 3 view .LVU6
  59 001c 1A6B     		ldr	r2, [r3, #48]
  60 001e 02F00402 		and	r2, r2, #4
  61 0022 0192     		str	r2, [sp, #4]
  62              		.loc 1 194 3 view .LVU7
  63 0024 019A     		ldr	r2, [sp, #4]
  64              	.LBE4:
  65              		.loc 1 194 3 view .LVU8
 195:Core/Src/main.c ****   __HAL_RCC_GPIOH_CLK_ENABLE();
  66              		.loc 1 195 3 view .LVU9
  67              	.LBB5:
  68              		.loc 1 195 3 view .LVU10
  69 0026 0294     		str	r4, [sp, #8]
  70              		.loc 1 195 3 view .LVU11
  71 0028 1A6B     		ldr	r2, [r3, #48]
  72 002a 42F08002 		orr	r2, r2, #128
  73 002e 1A63     		str	r2, [r3, #48]
  74              		.loc 1 195 3 view .LVU12
  75 0030 1A6B     		ldr	r2, [r3, #48]
  76 0032 02F08002 		and	r2, r2, #128
  77 0036 0292     		str	r2, [sp, #8]
  78              		.loc 1 195 3 view .LVU13
  79 0038 029A     		ldr	r2, [sp, #8]
  80              	.LBE5:
  81              		.loc 1 195 3 view .LVU14
 196:Core/Src/main.c ****   __HAL_RCC_GPIOA_CLK_ENABLE();
  82              		.loc 1 196 3 view .LVU15
  83              	.LBB6:
  84              		.loc 1 196 3 view .LVU16
  85 003a 0394     		str	r4, [sp, #12]
  86              		.loc 1 196 3 view .LVU17
  87 003c 1A6B     		ldr	r2, [r3, #48]
  88 003e 42F00102 		orr	r2, r2, #1
  89 0042 1A63     		str	r2, [r3, #48]
  90              		.loc 1 196 3 view .LVU18
ARM GAS  C:\Users\tugru\AppData\Local\Temp\ccVNcpu7.s 			page 6


  91 0044 1A6B     		ldr	r2, [r3, #48]
  92 0046 02F00102 		and	r2, r2, #1
  93 004a 0392     		str	r2, [sp, #12]
  94              		.loc 1 196 3 view .LVU19
  95 004c 039A     		ldr	r2, [sp, #12]
  96              	.LBE6:
  97              		.loc 1 196 3 view .LVU20
 197:Core/Src/main.c ****   __HAL_RCC_GPIOB_CLK_ENABLE();
  98              		.loc 1 197 3 view .LVU21
  99              	.LBB7:
 100              		.loc 1 197 3 view .LVU22
 101 004e 0494     		str	r4, [sp, #16]
 102              		.loc 1 197 3 view .LVU23
 103 0050 1A6B     		ldr	r2, [r3, #48]
 104 0052 42F00202 		orr	r2, r2, #2
 105 0056 1A63     		str	r2, [r3, #48]
 106              		.loc 1 197 3 view .LVU24
 107 0058 1B6B     		ldr	r3, [r3, #48]
 108 005a 03F00203 		and	r3, r3, #2
 109 005e 0493     		str	r3, [sp, #16]
 110              		.loc 1 197 3 view .LVU25
 111 0060 049B     		ldr	r3, [sp, #16]
 112              	.LBE7:
 113              		.loc 1 197 3 view .LVU26
 198:Core/Src/main.c **** 
 199:Core/Src/main.c ****   /*Configure GPIO pin Output Level */
 200:Core/Src/main.c ****   HAL_GPIO_WritePin(LD2_GPIO_Port, LD2_Pin, GPIO_PIN_RESET);
 114              		.loc 1 200 3 view .LVU27
 115 0062 0F4D     		ldr	r5, .L3+4
 116 0064 2246     		mov	r2, r4
 117 0066 2021     		movs	r1, #32
 118 0068 2846     		mov	r0, r5
 119 006a FFF7FEFF 		bl	HAL_GPIO_WritePin
 120              	.LVL0:
 201:Core/Src/main.c **** 
 202:Core/Src/main.c ****   /*Configure GPIO pin : B1_Pin */
 203:Core/Src/main.c ****   GPIO_InitStruct.Pin = B1_Pin;
 121              		.loc 1 203 3 view .LVU28
 122              		.loc 1 203 23 is_stmt 0 view .LVU29
 123 006e 4FF40053 		mov	r3, #8192
 124 0072 0593     		str	r3, [sp, #20]
 204:Core/Src/main.c ****   GPIO_InitStruct.Mode = GPIO_MODE_IT_FALLING;
 125              		.loc 1 204 3 is_stmt 1 view .LVU30
 126              		.loc 1 204 24 is_stmt 0 view .LVU31
 127 0074 4FF40413 		mov	r3, #2162688
 128 0078 0693     		str	r3, [sp, #24]
 205:Core/Src/main.c ****   GPIO_InitStruct.Pull = GPIO_NOPULL;
 129              		.loc 1 205 3 is_stmt 1 view .LVU32
 130              		.loc 1 205 24 is_stmt 0 view .LVU33
 131 007a 0794     		str	r4, [sp, #28]
 206:Core/Src/main.c ****   HAL_GPIO_Init(B1_GPIO_Port, &GPIO_InitStruct);
 132              		.loc 1 206 3 is_stmt 1 view .LVU34
 133 007c 05A9     		add	r1, sp, #20
 134 007e 0948     		ldr	r0, .L3+8
 135 0080 FFF7FEFF 		bl	HAL_GPIO_Init
 136              	.LVL1:
 207:Core/Src/main.c **** 
ARM GAS  C:\Users\tugru\AppData\Local\Temp\ccVNcpu7.s 			page 7


 208:Core/Src/main.c ****   /*Configure GPIO pin : LD2_Pin */
 209:Core/Src/main.c ****   GPIO_InitStruct.Pin = LD2_Pin;
 137              		.loc 1 209 3 view .LVU35
 138              		.loc 1 209 23 is_stmt 0 view .LVU36
 139 0084 2023     		movs	r3, #32
 140 0086 0593     		str	r3, [sp, #20]
 210:Core/Src/main.c ****   GPIO_InitStruct.Mode = GPIO_MODE_OUTPUT_PP;
 141              		.loc 1 210 3 is_stmt 1 view .LVU37
 142              		.loc 1 210 24 is_stmt 0 view .LVU38
 143 0088 0123     		movs	r3, #1
 144 008a 0693     		str	r3, [sp, #24]
 211:Core/Src/main.c ****   GPIO_InitStruct.Pull = GPIO_NOPULL;
 145              		.loc 1 211 3 is_stmt 1 view .LVU39
 146              		.loc 1 211 24 is_stmt 0 view .LVU40
 147 008c 0794     		str	r4, [sp, #28]
 212:Core/Src/main.c ****   GPIO_InitStruct.Speed = GPIO_SPEED_FREQ_LOW;
 148              		.loc 1 212 3 is_stmt 1 view .LVU41
 149              		.loc 1 212 25 is_stmt 0 view .LVU42
 150 008e 0894     		str	r4, [sp, #32]
 213:Core/Src/main.c ****   HAL_GPIO_Init(LD2_GPIO_Port, &GPIO_InitStruct);
 151              		.loc 1 213 3 is_stmt 1 view .LVU43
 152 0090 05A9     		add	r1, sp, #20
 153 0092 2846     		mov	r0, r5
 154 0094 FFF7FEFF 		bl	HAL_GPIO_Init
 155              	.LVL2:
 214:Core/Src/main.c **** 
 215:Core/Src/main.c **** }
 156              		.loc 1 215 1 is_stmt 0 view .LVU44
 157 0098 0BB0     		add	sp, sp, #44
 158              	.LCFI2:
 159              		.cfi_def_cfa_offset 12
 160              		@ sp needed
 161 009a 30BD     		pop	{r4, r5, pc}
 162              	.L4:
 163              		.align	2
 164              	.L3:
 165 009c 00380240 		.word	1073887232
 166 00a0 00000240 		.word	1073872896
 167 00a4 00080240 		.word	1073874944
 168              		.cfi_endproc
 169              	.LFE133:
 171              		.section	.text.Error_Handler,"ax",%progbits
 172              		.align	1
 173              		.global	Error_Handler
 174              		.syntax unified
 175              		.thumb
 176              		.thumb_func
 178              	Error_Handler:
 179              	.LFB134:
 216:Core/Src/main.c **** 
 217:Core/Src/main.c **** /* USER CODE BEGIN 4 */
 218:Core/Src/main.c **** 
 219:Core/Src/main.c **** /* USER CODE END 4 */
 220:Core/Src/main.c **** 
 221:Core/Src/main.c **** /**
 222:Core/Src/main.c ****   * @brief  This function is executed in case of error occurrence.
 223:Core/Src/main.c ****   * @retval None
ARM GAS  C:\Users\tugru\AppData\Local\Temp\ccVNcpu7.s 			page 8


 224:Core/Src/main.c ****   */
 225:Core/Src/main.c **** void Error_Handler(void)
 226:Core/Src/main.c **** {
 180              		.loc 1 226 1 is_stmt 1 view -0
 181              		.cfi_startproc
 182              		@ Volatile: function does not return.
 183              		@ args = 0, pretend = 0, frame = 0
 184              		@ frame_needed = 0, uses_anonymous_args = 0
 185              		@ link register save eliminated.
 227:Core/Src/main.c ****   /* USER CODE BEGIN Error_Handler_Debug */
 228:Core/Src/main.c ****   /* User can add his own implementation to report the HAL error return state */
 229:Core/Src/main.c ****   __disable_irq();
 186              		.loc 1 229 3 view .LVU46
 187              	.LBB8:
 188              	.LBI8:
 189              		.file 2 "Drivers/CMSIS/Include/cmsis_gcc.h"
   1:Drivers/CMSIS/Include/cmsis_gcc.h **** /**************************************************************************//**
   2:Drivers/CMSIS/Include/cmsis_gcc.h ****  * @file     cmsis_gcc.h
   3:Drivers/CMSIS/Include/cmsis_gcc.h ****  * @brief    CMSIS compiler GCC header file
   4:Drivers/CMSIS/Include/cmsis_gcc.h ****  * @version  V5.0.4
   5:Drivers/CMSIS/Include/cmsis_gcc.h ****  * @date     09. April 2018
   6:Drivers/CMSIS/Include/cmsis_gcc.h ****  ******************************************************************************/
   7:Drivers/CMSIS/Include/cmsis_gcc.h **** /*
   8:Drivers/CMSIS/Include/cmsis_gcc.h ****  * Copyright (c) 2009-2018 Arm Limited. All rights reserved.
   9:Drivers/CMSIS/Include/cmsis_gcc.h ****  *
  10:Drivers/CMSIS/Include/cmsis_gcc.h ****  * SPDX-License-Identifier: Apache-2.0
  11:Drivers/CMSIS/Include/cmsis_gcc.h ****  *
  12:Drivers/CMSIS/Include/cmsis_gcc.h ****  * Licensed under the Apache License, Version 2.0 (the License); you may
  13:Drivers/CMSIS/Include/cmsis_gcc.h ****  * not use this file except in compliance with the License.
  14:Drivers/CMSIS/Include/cmsis_gcc.h ****  * You may obtain a copy of the License at
  15:Drivers/CMSIS/Include/cmsis_gcc.h ****  *
  16:Drivers/CMSIS/Include/cmsis_gcc.h ****  * www.apache.org/licenses/LICENSE-2.0
  17:Drivers/CMSIS/Include/cmsis_gcc.h ****  *
  18:Drivers/CMSIS/Include/cmsis_gcc.h ****  * Unless required by applicable law or agreed to in writing, software
  19:Drivers/CMSIS/Include/cmsis_gcc.h ****  * distributed under the License is distributed on an AS IS BASIS, WITHOUT
  20:Drivers/CMSIS/Include/cmsis_gcc.h ****  * WARRANTIES OR CONDITIONS OF ANY KIND, either express or implied.
  21:Drivers/CMSIS/Include/cmsis_gcc.h ****  * See the License for the specific language governing permissions and
  22:Drivers/CMSIS/Include/cmsis_gcc.h ****  * limitations under the License.
  23:Drivers/CMSIS/Include/cmsis_gcc.h ****  */
  24:Drivers/CMSIS/Include/cmsis_gcc.h **** 
  25:Drivers/CMSIS/Include/cmsis_gcc.h **** #ifndef __CMSIS_GCC_H
  26:Drivers/CMSIS/Include/cmsis_gcc.h **** #define __CMSIS_GCC_H
  27:Drivers/CMSIS/Include/cmsis_gcc.h **** 
  28:Drivers/CMSIS/Include/cmsis_gcc.h **** /* ignore some GCC warnings */
  29:Drivers/CMSIS/Include/cmsis_gcc.h **** #pragma GCC diagnostic push
  30:Drivers/CMSIS/Include/cmsis_gcc.h **** #pragma GCC diagnostic ignored "-Wsign-conversion"
  31:Drivers/CMSIS/Include/cmsis_gcc.h **** #pragma GCC diagnostic ignored "-Wconversion"
  32:Drivers/CMSIS/Include/cmsis_gcc.h **** #pragma GCC diagnostic ignored "-Wunused-parameter"
  33:Drivers/CMSIS/Include/cmsis_gcc.h **** 
  34:Drivers/CMSIS/Include/cmsis_gcc.h **** /* Fallback for __has_builtin */
  35:Drivers/CMSIS/Include/cmsis_gcc.h **** #ifndef __has_builtin
  36:Drivers/CMSIS/Include/cmsis_gcc.h ****   #define __has_builtin(x) (0)
  37:Drivers/CMSIS/Include/cmsis_gcc.h **** #endif
  38:Drivers/CMSIS/Include/cmsis_gcc.h **** 
  39:Drivers/CMSIS/Include/cmsis_gcc.h **** /* CMSIS compiler specific defines */
  40:Drivers/CMSIS/Include/cmsis_gcc.h **** #ifndef   __ASM
  41:Drivers/CMSIS/Include/cmsis_gcc.h ****   #define __ASM                                  __asm
ARM GAS  C:\Users\tugru\AppData\Local\Temp\ccVNcpu7.s 			page 9


  42:Drivers/CMSIS/Include/cmsis_gcc.h **** #endif
  43:Drivers/CMSIS/Include/cmsis_gcc.h **** #ifndef   __INLINE
  44:Drivers/CMSIS/Include/cmsis_gcc.h ****   #define __INLINE                               inline
  45:Drivers/CMSIS/Include/cmsis_gcc.h **** #endif
  46:Drivers/CMSIS/Include/cmsis_gcc.h **** #ifndef   __STATIC_INLINE
  47:Drivers/CMSIS/Include/cmsis_gcc.h ****   #define __STATIC_INLINE                        static inline
  48:Drivers/CMSIS/Include/cmsis_gcc.h **** #endif
  49:Drivers/CMSIS/Include/cmsis_gcc.h **** #ifndef   __STATIC_FORCEINLINE                 
  50:Drivers/CMSIS/Include/cmsis_gcc.h ****   #define __STATIC_FORCEINLINE                   __attribute__((always_inline)) static inline
  51:Drivers/CMSIS/Include/cmsis_gcc.h **** #endif                                           
  52:Drivers/CMSIS/Include/cmsis_gcc.h **** #ifndef   __NO_RETURN
  53:Drivers/CMSIS/Include/cmsis_gcc.h ****   #define __NO_RETURN                            __attribute__((__noreturn__))
  54:Drivers/CMSIS/Include/cmsis_gcc.h **** #endif
  55:Drivers/CMSIS/Include/cmsis_gcc.h **** #ifndef   __USED
  56:Drivers/CMSIS/Include/cmsis_gcc.h ****   #define __USED                                 __attribute__((used))
  57:Drivers/CMSIS/Include/cmsis_gcc.h **** #endif
  58:Drivers/CMSIS/Include/cmsis_gcc.h **** #ifndef   __WEAK
  59:Drivers/CMSIS/Include/cmsis_gcc.h ****   #define __WEAK                                 __attribute__((weak))
  60:Drivers/CMSIS/Include/cmsis_gcc.h **** #endif
  61:Drivers/CMSIS/Include/cmsis_gcc.h **** #ifndef   __PACKED
  62:Drivers/CMSIS/Include/cmsis_gcc.h ****   #define __PACKED                               __attribute__((packed, aligned(1)))
  63:Drivers/CMSIS/Include/cmsis_gcc.h **** #endif
  64:Drivers/CMSIS/Include/cmsis_gcc.h **** #ifndef   __PACKED_STRUCT
  65:Drivers/CMSIS/Include/cmsis_gcc.h ****   #define __PACKED_STRUCT                        struct __attribute__((packed, aligned(1)))
  66:Drivers/CMSIS/Include/cmsis_gcc.h **** #endif
  67:Drivers/CMSIS/Include/cmsis_gcc.h **** #ifndef   __PACKED_UNION
  68:Drivers/CMSIS/Include/cmsis_gcc.h ****   #define __PACKED_UNION                         union __attribute__((packed, aligned(1)))
  69:Drivers/CMSIS/Include/cmsis_gcc.h **** #endif
  70:Drivers/CMSIS/Include/cmsis_gcc.h **** #ifndef   __UNALIGNED_UINT32        /* deprecated */
  71:Drivers/CMSIS/Include/cmsis_gcc.h ****   #pragma GCC diagnostic push
  72:Drivers/CMSIS/Include/cmsis_gcc.h ****   #pragma GCC diagnostic ignored "-Wpacked"
  73:Drivers/CMSIS/Include/cmsis_gcc.h ****   #pragma GCC diagnostic ignored "-Wattributes"
  74:Drivers/CMSIS/Include/cmsis_gcc.h ****   struct __attribute__((packed)) T_UINT32 { uint32_t v; };
  75:Drivers/CMSIS/Include/cmsis_gcc.h ****   #pragma GCC diagnostic pop
  76:Drivers/CMSIS/Include/cmsis_gcc.h ****   #define __UNALIGNED_UINT32(x)                  (((struct T_UINT32 *)(x))->v)
  77:Drivers/CMSIS/Include/cmsis_gcc.h **** #endif
  78:Drivers/CMSIS/Include/cmsis_gcc.h **** #ifndef   __UNALIGNED_UINT16_WRITE
  79:Drivers/CMSIS/Include/cmsis_gcc.h ****   #pragma GCC diagnostic push
  80:Drivers/CMSIS/Include/cmsis_gcc.h ****   #pragma GCC diagnostic ignored "-Wpacked"
  81:Drivers/CMSIS/Include/cmsis_gcc.h ****   #pragma GCC diagnostic ignored "-Wattributes"
  82:Drivers/CMSIS/Include/cmsis_gcc.h ****   __PACKED_STRUCT T_UINT16_WRITE { uint16_t v; };
  83:Drivers/CMSIS/Include/cmsis_gcc.h ****   #pragma GCC diagnostic pop
  84:Drivers/CMSIS/Include/cmsis_gcc.h ****   #define __UNALIGNED_UINT16_WRITE(addr, val)    (void)((((struct T_UINT16_WRITE *)(void *)(addr))-
  85:Drivers/CMSIS/Include/cmsis_gcc.h **** #endif
  86:Drivers/CMSIS/Include/cmsis_gcc.h **** #ifndef   __UNALIGNED_UINT16_READ
  87:Drivers/CMSIS/Include/cmsis_gcc.h ****   #pragma GCC diagnostic push
  88:Drivers/CMSIS/Include/cmsis_gcc.h ****   #pragma GCC diagnostic ignored "-Wpacked"
  89:Drivers/CMSIS/Include/cmsis_gcc.h ****   #pragma GCC diagnostic ignored "-Wattributes"
  90:Drivers/CMSIS/Include/cmsis_gcc.h ****   __PACKED_STRUCT T_UINT16_READ { uint16_t v; };
  91:Drivers/CMSIS/Include/cmsis_gcc.h ****   #pragma GCC diagnostic pop
  92:Drivers/CMSIS/Include/cmsis_gcc.h ****   #define __UNALIGNED_UINT16_READ(addr)          (((const struct T_UINT16_READ *)(const void *)(add
  93:Drivers/CMSIS/Include/cmsis_gcc.h **** #endif
  94:Drivers/CMSIS/Include/cmsis_gcc.h **** #ifndef   __UNALIGNED_UINT32_WRITE
  95:Drivers/CMSIS/Include/cmsis_gcc.h ****   #pragma GCC diagnostic push
  96:Drivers/CMSIS/Include/cmsis_gcc.h ****   #pragma GCC diagnostic ignored "-Wpacked"
  97:Drivers/CMSIS/Include/cmsis_gcc.h ****   #pragma GCC diagnostic ignored "-Wattributes"
  98:Drivers/CMSIS/Include/cmsis_gcc.h ****   __PACKED_STRUCT T_UINT32_WRITE { uint32_t v; };
ARM GAS  C:\Users\tugru\AppData\Local\Temp\ccVNcpu7.s 			page 10


  99:Drivers/CMSIS/Include/cmsis_gcc.h ****   #pragma GCC diagnostic pop
 100:Drivers/CMSIS/Include/cmsis_gcc.h ****   #define __UNALIGNED_UINT32_WRITE(addr, val)    (void)((((struct T_UINT32_WRITE *)(void *)(addr))-
 101:Drivers/CMSIS/Include/cmsis_gcc.h **** #endif
 102:Drivers/CMSIS/Include/cmsis_gcc.h **** #ifndef   __UNALIGNED_UINT32_READ
 103:Drivers/CMSIS/Include/cmsis_gcc.h ****   #pragma GCC diagnostic push
 104:Drivers/CMSIS/Include/cmsis_gcc.h ****   #pragma GCC diagnostic ignored "-Wpacked"
 105:Drivers/CMSIS/Include/cmsis_gcc.h ****   #pragma GCC diagnostic ignored "-Wattributes"
 106:Drivers/CMSIS/Include/cmsis_gcc.h ****   __PACKED_STRUCT T_UINT32_READ { uint32_t v; };
 107:Drivers/CMSIS/Include/cmsis_gcc.h ****   #pragma GCC diagnostic pop
 108:Drivers/CMSIS/Include/cmsis_gcc.h ****   #define __UNALIGNED_UINT32_READ(addr)          (((const struct T_UINT32_READ *)(const void *)(add
 109:Drivers/CMSIS/Include/cmsis_gcc.h **** #endif
 110:Drivers/CMSIS/Include/cmsis_gcc.h **** #ifndef   __ALIGNED
 111:Drivers/CMSIS/Include/cmsis_gcc.h ****   #define __ALIGNED(x)                           __attribute__((aligned(x)))
 112:Drivers/CMSIS/Include/cmsis_gcc.h **** #endif
 113:Drivers/CMSIS/Include/cmsis_gcc.h **** #ifndef   __RESTRICT
 114:Drivers/CMSIS/Include/cmsis_gcc.h ****   #define __RESTRICT                             __restrict
 115:Drivers/CMSIS/Include/cmsis_gcc.h **** #endif
 116:Drivers/CMSIS/Include/cmsis_gcc.h **** 
 117:Drivers/CMSIS/Include/cmsis_gcc.h **** 
 118:Drivers/CMSIS/Include/cmsis_gcc.h **** /* ###########################  Core Function Access  ########################### */
 119:Drivers/CMSIS/Include/cmsis_gcc.h **** /** \ingroup  CMSIS_Core_FunctionInterface
 120:Drivers/CMSIS/Include/cmsis_gcc.h ****     \defgroup CMSIS_Core_RegAccFunctions CMSIS Core Register Access Functions
 121:Drivers/CMSIS/Include/cmsis_gcc.h ****   @{
 122:Drivers/CMSIS/Include/cmsis_gcc.h ****  */
 123:Drivers/CMSIS/Include/cmsis_gcc.h **** 
 124:Drivers/CMSIS/Include/cmsis_gcc.h **** /**
 125:Drivers/CMSIS/Include/cmsis_gcc.h ****   \brief   Enable IRQ Interrupts
 126:Drivers/CMSIS/Include/cmsis_gcc.h ****   \details Enables IRQ interrupts by clearing the I-bit in the CPSR.
 127:Drivers/CMSIS/Include/cmsis_gcc.h ****            Can only be executed in Privileged modes.
 128:Drivers/CMSIS/Include/cmsis_gcc.h ****  */
 129:Drivers/CMSIS/Include/cmsis_gcc.h **** __STATIC_FORCEINLINE void __enable_irq(void)
 130:Drivers/CMSIS/Include/cmsis_gcc.h **** {
 131:Drivers/CMSIS/Include/cmsis_gcc.h ****   __ASM volatile ("cpsie i" : : : "memory");
 132:Drivers/CMSIS/Include/cmsis_gcc.h **** }
 133:Drivers/CMSIS/Include/cmsis_gcc.h **** 
 134:Drivers/CMSIS/Include/cmsis_gcc.h **** 
 135:Drivers/CMSIS/Include/cmsis_gcc.h **** /**
 136:Drivers/CMSIS/Include/cmsis_gcc.h ****   \brief   Disable IRQ Interrupts
 137:Drivers/CMSIS/Include/cmsis_gcc.h ****   \details Disables IRQ interrupts by setting the I-bit in the CPSR.
 138:Drivers/CMSIS/Include/cmsis_gcc.h ****            Can only be executed in Privileged modes.
 139:Drivers/CMSIS/Include/cmsis_gcc.h ****  */
 140:Drivers/CMSIS/Include/cmsis_gcc.h **** __STATIC_FORCEINLINE void __disable_irq(void)
 190              		.loc 2 140 27 view .LVU47
 191              	.LBB9:
 141:Drivers/CMSIS/Include/cmsis_gcc.h **** {
 142:Drivers/CMSIS/Include/cmsis_gcc.h ****   __ASM volatile ("cpsid i" : : : "memory");
 192              		.loc 2 142 3 view .LVU48
 193              		.syntax unified
 194              	@ 142 "Drivers/CMSIS/Include/cmsis_gcc.h" 1
 195 0000 72B6     		cpsid i
 196              	@ 0 "" 2
 197              		.thumb
 198              		.syntax unified
 199              	.L6:
 200              	.LBE9:
 201              	.LBE8:
 230:Core/Src/main.c ****   while (1)
ARM GAS  C:\Users\tugru\AppData\Local\Temp\ccVNcpu7.s 			page 11


 202              		.loc 1 230 3 discriminator 1 view .LVU49
 231:Core/Src/main.c ****   {
 232:Core/Src/main.c ****   }
 203              		.loc 1 232 3 discriminator 1 view .LVU50
 230:Core/Src/main.c ****   while (1)
 204              		.loc 1 230 9 discriminator 1 view .LVU51
 205 0002 FEE7     		b	.L6
 206              		.cfi_endproc
 207              	.LFE134:
 209              		.section	.text.MX_USART2_UART_Init,"ax",%progbits
 210              		.align	1
 211              		.syntax unified
 212              		.thumb
 213              		.thumb_func
 215              	MX_USART2_UART_Init:
 216              	.LFB132:
 157:Core/Src/main.c **** 
 217              		.loc 1 157 1 view -0
 218              		.cfi_startproc
 219              		@ args = 0, pretend = 0, frame = 0
 220              		@ frame_needed = 0, uses_anonymous_args = 0
 221 0000 08B5     		push	{r3, lr}
 222              	.LCFI3:
 223              		.cfi_def_cfa_offset 8
 224              		.cfi_offset 3, -8
 225              		.cfi_offset 14, -4
 166:Core/Src/main.c ****   huart2.Init.BaudRate = 115200;
 226              		.loc 1 166 3 view .LVU53
 166:Core/Src/main.c ****   huart2.Init.BaudRate = 115200;
 227              		.loc 1 166 19 is_stmt 0 view .LVU54
 228 0002 0A48     		ldr	r0, .L11
 229 0004 0A4B     		ldr	r3, .L11+4
 230 0006 0360     		str	r3, [r0]
 167:Core/Src/main.c ****   huart2.Init.WordLength = UART_WORDLENGTH_8B;
 231              		.loc 1 167 3 is_stmt 1 view .LVU55
 167:Core/Src/main.c ****   huart2.Init.WordLength = UART_WORDLENGTH_8B;
 232              		.loc 1 167 24 is_stmt 0 view .LVU56
 233 0008 4FF4E133 		mov	r3, #115200
 234 000c 4360     		str	r3, [r0, #4]
 168:Core/Src/main.c ****   huart2.Init.StopBits = UART_STOPBITS_1;
 235              		.loc 1 168 3 is_stmt 1 view .LVU57
 168:Core/Src/main.c ****   huart2.Init.StopBits = UART_STOPBITS_1;
 236              		.loc 1 168 26 is_stmt 0 view .LVU58
 237 000e 0023     		movs	r3, #0
 238 0010 8360     		str	r3, [r0, #8]
 169:Core/Src/main.c ****   huart2.Init.Parity = UART_PARITY_NONE;
 239              		.loc 1 169 3 is_stmt 1 view .LVU59
 169:Core/Src/main.c ****   huart2.Init.Parity = UART_PARITY_NONE;
 240              		.loc 1 169 24 is_stmt 0 view .LVU60
 241 0012 C360     		str	r3, [r0, #12]
 170:Core/Src/main.c ****   huart2.Init.Mode = UART_MODE_TX_RX;
 242              		.loc 1 170 3 is_stmt 1 view .LVU61
 170:Core/Src/main.c ****   huart2.Init.Mode = UART_MODE_TX_RX;
 243              		.loc 1 170 22 is_stmt 0 view .LVU62
 244 0014 0361     		str	r3, [r0, #16]
 171:Core/Src/main.c ****   huart2.Init.HwFlowCtl = UART_HWCONTROL_NONE;
 245              		.loc 1 171 3 is_stmt 1 view .LVU63
ARM GAS  C:\Users\tugru\AppData\Local\Temp\ccVNcpu7.s 			page 12


 171:Core/Src/main.c ****   huart2.Init.HwFlowCtl = UART_HWCONTROL_NONE;
 246              		.loc 1 171 20 is_stmt 0 view .LVU64
 247 0016 0C22     		movs	r2, #12
 248 0018 4261     		str	r2, [r0, #20]
 172:Core/Src/main.c ****   huart2.Init.OverSampling = UART_OVERSAMPLING_16;
 249              		.loc 1 172 3 is_stmt 1 view .LVU65
 172:Core/Src/main.c ****   huart2.Init.OverSampling = UART_OVERSAMPLING_16;
 250              		.loc 1 172 25 is_stmt 0 view .LVU66
 251 001a 8361     		str	r3, [r0, #24]
 173:Core/Src/main.c ****   if (HAL_UART_Init(&huart2) != HAL_OK)
 252              		.loc 1 173 3 is_stmt 1 view .LVU67
 173:Core/Src/main.c ****   if (HAL_UART_Init(&huart2) != HAL_OK)
 253              		.loc 1 173 28 is_stmt 0 view .LVU68
 254 001c C361     		str	r3, [r0, #28]
 174:Core/Src/main.c ****   {
 255              		.loc 1 174 3 is_stmt 1 view .LVU69
 174:Core/Src/main.c ****   {
 256              		.loc 1 174 7 is_stmt 0 view .LVU70
 257 001e FFF7FEFF 		bl	HAL_UART_Init
 258              	.LVL3:
 174:Core/Src/main.c ****   {
 259              		.loc 1 174 6 view .LVU71
 260 0022 00B9     		cbnz	r0, .L10
 182:Core/Src/main.c **** 
 261              		.loc 1 182 1 view .LVU72
 262 0024 08BD     		pop	{r3, pc}
 263              	.L10:
 176:Core/Src/main.c ****   }
 264              		.loc 1 176 5 is_stmt 1 view .LVU73
 265 0026 FFF7FEFF 		bl	Error_Handler
 266              	.LVL4:
 267              	.L12:
 268 002a 00BF     		.align	2
 269              	.L11:
 270 002c 00000000 		.word	huart2
 271 0030 00440040 		.word	1073759232
 272              		.cfi_endproc
 273              	.LFE132:
 275              		.section	.text.SystemClock_Config,"ax",%progbits
 276              		.align	1
 277              		.global	SystemClock_Config
 278              		.syntax unified
 279              		.thumb
 280              		.thumb_func
 282              	SystemClock_Config:
 283              	.LFB131:
 111:Core/Src/main.c ****   RCC_OscInitTypeDef RCC_OscInitStruct = {0};
 284              		.loc 1 111 1 view -0
 285              		.cfi_startproc
 286              		@ args = 0, pretend = 0, frame = 80
 287              		@ frame_needed = 0, uses_anonymous_args = 0
 288 0000 00B5     		push	{lr}
 289              	.LCFI4:
 290              		.cfi_def_cfa_offset 4
 291              		.cfi_offset 14, -4
 292 0002 95B0     		sub	sp, sp, #84
 293              	.LCFI5:
ARM GAS  C:\Users\tugru\AppData\Local\Temp\ccVNcpu7.s 			page 13


 294              		.cfi_def_cfa_offset 88
 112:Core/Src/main.c ****   RCC_ClkInitTypeDef RCC_ClkInitStruct = {0};
 295              		.loc 1 112 3 view .LVU75
 112:Core/Src/main.c ****   RCC_ClkInitTypeDef RCC_ClkInitStruct = {0};
 296              		.loc 1 112 22 is_stmt 0 view .LVU76
 297 0004 3022     		movs	r2, #48
 298 0006 0021     		movs	r1, #0
 299 0008 08A8     		add	r0, sp, #32
 300 000a FFF7FEFF 		bl	memset
 301              	.LVL5:
 113:Core/Src/main.c **** 
 302              		.loc 1 113 3 is_stmt 1 view .LVU77
 113:Core/Src/main.c **** 
 303              		.loc 1 113 22 is_stmt 0 view .LVU78
 304 000e 0023     		movs	r3, #0
 305 0010 0393     		str	r3, [sp, #12]
 306 0012 0493     		str	r3, [sp, #16]
 307 0014 0593     		str	r3, [sp, #20]
 308 0016 0693     		str	r3, [sp, #24]
 309 0018 0793     		str	r3, [sp, #28]
 117:Core/Src/main.c ****   __HAL_PWR_VOLTAGESCALING_CONFIG(PWR_REGULATOR_VOLTAGE_SCALE1);
 310              		.loc 1 117 3 is_stmt 1 view .LVU79
 311              	.LBB10:
 117:Core/Src/main.c ****   __HAL_PWR_VOLTAGESCALING_CONFIG(PWR_REGULATOR_VOLTAGE_SCALE1);
 312              		.loc 1 117 3 view .LVU80
 313 001a 0193     		str	r3, [sp, #4]
 117:Core/Src/main.c ****   __HAL_PWR_VOLTAGESCALING_CONFIG(PWR_REGULATOR_VOLTAGE_SCALE1);
 314              		.loc 1 117 3 view .LVU81
 315 001c 1F4A     		ldr	r2, .L19
 316 001e 116C     		ldr	r1, [r2, #64]
 317 0020 41F08051 		orr	r1, r1, #268435456
 318 0024 1164     		str	r1, [r2, #64]
 117:Core/Src/main.c ****   __HAL_PWR_VOLTAGESCALING_CONFIG(PWR_REGULATOR_VOLTAGE_SCALE1);
 319              		.loc 1 117 3 view .LVU82
 320 0026 126C     		ldr	r2, [r2, #64]
 321 0028 02F08052 		and	r2, r2, #268435456
 322 002c 0192     		str	r2, [sp, #4]
 117:Core/Src/main.c ****   __HAL_PWR_VOLTAGESCALING_CONFIG(PWR_REGULATOR_VOLTAGE_SCALE1);
 323              		.loc 1 117 3 view .LVU83
 324 002e 019A     		ldr	r2, [sp, #4]
 325              	.LBE10:
 117:Core/Src/main.c ****   __HAL_PWR_VOLTAGESCALING_CONFIG(PWR_REGULATOR_VOLTAGE_SCALE1);
 326              		.loc 1 117 3 view .LVU84
 118:Core/Src/main.c **** 
 327              		.loc 1 118 3 view .LVU85
 328              	.LBB11:
 118:Core/Src/main.c **** 
 329              		.loc 1 118 3 view .LVU86
 330 0030 0293     		str	r3, [sp, #8]
 118:Core/Src/main.c **** 
 331              		.loc 1 118 3 view .LVU87
 332 0032 1B4B     		ldr	r3, .L19+4
 333 0034 1A68     		ldr	r2, [r3]
 334 0036 42F44042 		orr	r2, r2, #49152
 335 003a 1A60     		str	r2, [r3]
 118:Core/Src/main.c **** 
 336              		.loc 1 118 3 view .LVU88
ARM GAS  C:\Users\tugru\AppData\Local\Temp\ccVNcpu7.s 			page 14


 337 003c 1B68     		ldr	r3, [r3]
 338 003e 03F44043 		and	r3, r3, #49152
 339 0042 0293     		str	r3, [sp, #8]
 118:Core/Src/main.c **** 
 340              		.loc 1 118 3 view .LVU89
 341 0044 029B     		ldr	r3, [sp, #8]
 342              	.LBE11:
 118:Core/Src/main.c **** 
 343              		.loc 1 118 3 view .LVU90
 123:Core/Src/main.c ****   RCC_OscInitStruct.HSEState = RCC_HSE_BYPASS;
 344              		.loc 1 123 3 view .LVU91
 123:Core/Src/main.c ****   RCC_OscInitStruct.HSEState = RCC_HSE_BYPASS;
 345              		.loc 1 123 36 is_stmt 0 view .LVU92
 346 0046 0123     		movs	r3, #1
 347 0048 0893     		str	r3, [sp, #32]
 124:Core/Src/main.c ****   RCC_OscInitStruct.PLL.PLLState = RCC_PLL_ON;
 348              		.loc 1 124 3 is_stmt 1 view .LVU93
 124:Core/Src/main.c ****   RCC_OscInitStruct.PLL.PLLState = RCC_PLL_ON;
 349              		.loc 1 124 30 is_stmt 0 view .LVU94
 350 004a 4FF4A023 		mov	r3, #327680
 351 004e 0993     		str	r3, [sp, #36]
 125:Core/Src/main.c ****   RCC_OscInitStruct.PLL.PLLSource = RCC_PLLSOURCE_HSE;
 352              		.loc 1 125 3 is_stmt 1 view .LVU95
 125:Core/Src/main.c ****   RCC_OscInitStruct.PLL.PLLSource = RCC_PLLSOURCE_HSE;
 353              		.loc 1 125 34 is_stmt 0 view .LVU96
 354 0050 0222     		movs	r2, #2
 355 0052 0E92     		str	r2, [sp, #56]
 126:Core/Src/main.c ****   RCC_OscInitStruct.PLL.PLLM = 4;
 356              		.loc 1 126 3 is_stmt 1 view .LVU97
 126:Core/Src/main.c ****   RCC_OscInitStruct.PLL.PLLM = 4;
 357              		.loc 1 126 35 is_stmt 0 view .LVU98
 358 0054 4FF48003 		mov	r3, #4194304
 359 0058 0F93     		str	r3, [sp, #60]
 127:Core/Src/main.c ****   RCC_OscInitStruct.PLL.PLLN = 100;
 360              		.loc 1 127 3 is_stmt 1 view .LVU99
 127:Core/Src/main.c ****   RCC_OscInitStruct.PLL.PLLN = 100;
 361              		.loc 1 127 30 is_stmt 0 view .LVU100
 362 005a 0423     		movs	r3, #4
 363 005c 1093     		str	r3, [sp, #64]
 128:Core/Src/main.c ****   RCC_OscInitStruct.PLL.PLLP = RCC_PLLP_DIV2;
 364              		.loc 1 128 3 is_stmt 1 view .LVU101
 128:Core/Src/main.c ****   RCC_OscInitStruct.PLL.PLLP = RCC_PLLP_DIV2;
 365              		.loc 1 128 30 is_stmt 0 view .LVU102
 366 005e 6421     		movs	r1, #100
 367 0060 1191     		str	r1, [sp, #68]
 129:Core/Src/main.c ****   RCC_OscInitStruct.PLL.PLLQ = 4;
 368              		.loc 1 129 3 is_stmt 1 view .LVU103
 129:Core/Src/main.c ****   RCC_OscInitStruct.PLL.PLLQ = 4;
 369              		.loc 1 129 30 is_stmt 0 view .LVU104
 370 0062 1292     		str	r2, [sp, #72]
 130:Core/Src/main.c ****   if (HAL_RCC_OscConfig(&RCC_OscInitStruct) != HAL_OK)
 371              		.loc 1 130 3 is_stmt 1 view .LVU105
 130:Core/Src/main.c ****   if (HAL_RCC_OscConfig(&RCC_OscInitStruct) != HAL_OK)
 372              		.loc 1 130 30 is_stmt 0 view .LVU106
 373 0064 1393     		str	r3, [sp, #76]
 131:Core/Src/main.c ****   {
 374              		.loc 1 131 3 is_stmt 1 view .LVU107
ARM GAS  C:\Users\tugru\AppData\Local\Temp\ccVNcpu7.s 			page 15


 131:Core/Src/main.c ****   {
 375              		.loc 1 131 7 is_stmt 0 view .LVU108
 376 0066 08A8     		add	r0, sp, #32
 377 0068 FFF7FEFF 		bl	HAL_RCC_OscConfig
 378              	.LVL6:
 131:Core/Src/main.c ****   {
 379              		.loc 1 131 6 view .LVU109
 380 006c 88B9     		cbnz	r0, .L17
 138:Core/Src/main.c ****                               |RCC_CLOCKTYPE_PCLK1|RCC_CLOCKTYPE_PCLK2;
 381              		.loc 1 138 3 is_stmt 1 view .LVU110
 138:Core/Src/main.c ****                               |RCC_CLOCKTYPE_PCLK1|RCC_CLOCKTYPE_PCLK2;
 382              		.loc 1 138 31 is_stmt 0 view .LVU111
 383 006e 0F23     		movs	r3, #15
 384 0070 0393     		str	r3, [sp, #12]
 140:Core/Src/main.c ****   RCC_ClkInitStruct.AHBCLKDivider = RCC_SYSCLK_DIV1;
 385              		.loc 1 140 3 is_stmt 1 view .LVU112
 140:Core/Src/main.c ****   RCC_ClkInitStruct.AHBCLKDivider = RCC_SYSCLK_DIV1;
 386              		.loc 1 140 34 is_stmt 0 view .LVU113
 387 0072 0223     		movs	r3, #2
 388 0074 0493     		str	r3, [sp, #16]
 141:Core/Src/main.c ****   RCC_ClkInitStruct.APB1CLKDivider = RCC_HCLK_DIV2;
 389              		.loc 1 141 3 is_stmt 1 view .LVU114
 141:Core/Src/main.c ****   RCC_ClkInitStruct.APB1CLKDivider = RCC_HCLK_DIV2;
 390              		.loc 1 141 35 is_stmt 0 view .LVU115
 391 0076 0023     		movs	r3, #0
 392 0078 0593     		str	r3, [sp, #20]
 142:Core/Src/main.c ****   RCC_ClkInitStruct.APB2CLKDivider = RCC_HCLK_DIV1;
 393              		.loc 1 142 3 is_stmt 1 view .LVU116
 142:Core/Src/main.c ****   RCC_ClkInitStruct.APB2CLKDivider = RCC_HCLK_DIV1;
 394              		.loc 1 142 36 is_stmt 0 view .LVU117
 395 007a 4FF48052 		mov	r2, #4096
 396 007e 0692     		str	r2, [sp, #24]
 143:Core/Src/main.c **** 
 397              		.loc 1 143 3 is_stmt 1 view .LVU118
 143:Core/Src/main.c **** 
 398              		.loc 1 143 36 is_stmt 0 view .LVU119
 399 0080 0793     		str	r3, [sp, #28]
 145:Core/Src/main.c ****   {
 400              		.loc 1 145 3 is_stmt 1 view .LVU120
 145:Core/Src/main.c ****   {
 401              		.loc 1 145 7 is_stmt 0 view .LVU121
 402 0082 0321     		movs	r1, #3
 403 0084 03A8     		add	r0, sp, #12
 404 0086 FFF7FEFF 		bl	HAL_RCC_ClockConfig
 405              	.LVL7:
 145:Core/Src/main.c ****   {
 406              		.loc 1 145 6 view .LVU122
 407 008a 20B9     		cbnz	r0, .L18
 149:Core/Src/main.c **** 
 408              		.loc 1 149 1 view .LVU123
 409 008c 15B0     		add	sp, sp, #84
 410              	.LCFI6:
 411              		.cfi_remember_state
 412              		.cfi_def_cfa_offset 4
 413              		@ sp needed
 414 008e 5DF804FB 		ldr	pc, [sp], #4
 415              	.L17:
ARM GAS  C:\Users\tugru\AppData\Local\Temp\ccVNcpu7.s 			page 16


 416              	.LCFI7:
 417              		.cfi_restore_state
 133:Core/Src/main.c ****   }
 418              		.loc 1 133 5 is_stmt 1 view .LVU124
 419 0092 FFF7FEFF 		bl	Error_Handler
 420              	.LVL8:
 421              	.L18:
 147:Core/Src/main.c ****   }
 422              		.loc 1 147 5 view .LVU125
 423 0096 FFF7FEFF 		bl	Error_Handler
 424              	.LVL9:
 425              	.L20:
 426 009a 00BF     		.align	2
 427              	.L19:
 428 009c 00380240 		.word	1073887232
 429 00a0 00700040 		.word	1073770496
 430              		.cfi_endproc
 431              	.LFE131:
 433              		.section	.text.main,"ax",%progbits
 434              		.align	1
 435              		.global	main
 436              		.syntax unified
 437              		.thumb
 438              		.thumb_func
 440              	main:
 441              	.LFB130:
  66:Core/Src/main.c ****   /* USER CODE BEGIN 1 */
 442              		.loc 1 66 1 view -0
 443              		.cfi_startproc
 444              		@ Volatile: function does not return.
 445              		@ args = 0, pretend = 0, frame = 0
 446              		@ frame_needed = 0, uses_anonymous_args = 0
 447 0000 08B5     		push	{r3, lr}
 448              	.LCFI8:
 449              		.cfi_def_cfa_offset 8
 450              		.cfi_offset 3, -8
 451              		.cfi_offset 14, -4
  74:Core/Src/main.c **** 
 452              		.loc 1 74 3 view .LVU127
 453 0002 FFF7FEFF 		bl	HAL_Init
 454              	.LVL10:
  81:Core/Src/main.c **** 
 455              		.loc 1 81 3 view .LVU128
 456 0006 FFF7FEFF 		bl	SystemClock_Config
 457              	.LVL11:
  88:Core/Src/main.c ****   MX_USART2_UART_Init();
 458              		.loc 1 88 3 view .LVU129
 459 000a FFF7FEFF 		bl	MX_GPIO_Init
 460              	.LVL12:
  89:Core/Src/main.c ****   /* USER CODE BEGIN 2 */
 461              		.loc 1 89 3 view .LVU130
 462 000e FFF7FEFF 		bl	MX_USART2_UART_Init
 463              	.LVL13:
 464              	.L22:
  96:Core/Src/main.c ****   {
 465              		.loc 1 96 3 discriminator 1 view .LVU131
  99:Core/Src/main.c **** 	HAL_Delay(5000);
ARM GAS  C:\Users\tugru\AppData\Local\Temp\ccVNcpu7.s 			page 17


 466              		.loc 1 99 2 discriminator 1 view .LVU132
 467 0012 2021     		movs	r1, #32
 468 0014 0348     		ldr	r0, .L24
 469 0016 FFF7FEFF 		bl	HAL_GPIO_TogglePin
 470              	.LVL14:
 100:Core/Src/main.c ****     /* USER CODE BEGIN 3 */
 471              		.loc 1 100 2 discriminator 1 view .LVU133
 472 001a 41F28830 		movw	r0, #5000
 473 001e FFF7FEFF 		bl	HAL_Delay
 474              	.LVL15:
  96:Core/Src/main.c ****   {
 475              		.loc 1 96 9 discriminator 1 view .LVU134
 476 0022 F6E7     		b	.L22
 477              	.L25:
 478              		.align	2
 479              	.L24:
 480 0024 00000240 		.word	1073872896
 481              		.cfi_endproc
 482              	.LFE130:
 484              		.global	huart2
 485              		.section	.bss.huart2,"aw",%nobits
 486              		.align	2
 489              	huart2:
 490 0000 00000000 		.space	68
 490      00000000 
 490      00000000 
 490      00000000 
 490      00000000 
 491              		.text
 492              	.Letext0:
 493              		.file 3 "c:\\dev\\tools\\arm-gnu-toolchain-12.2.mpacbti-bet1-mingw-w64-i686-arm-none-eabi\\arm-non
 494              		.file 4 "c:\\dev\\tools\\arm-gnu-toolchain-12.2.mpacbti-bet1-mingw-w64-i686-arm-none-eabi\\arm-non
 495              		.file 5 "Drivers/CMSIS/Device/ST/STM32F4xx/Include/stm32f411xe.h"
 496              		.file 6 "Drivers/STM32F4xx_HAL_Driver/Inc/stm32f4xx_hal_def.h"
 497              		.file 7 "Drivers/STM32F4xx_HAL_Driver/Inc/stm32f4xx_hal_rcc_ex.h"
 498              		.file 8 "Drivers/STM32F4xx_HAL_Driver/Inc/stm32f4xx_hal_rcc.h"
 499              		.file 9 "Drivers/STM32F4xx_HAL_Driver/Inc/stm32f4xx_hal_gpio.h"
 500              		.file 10 "Drivers/STM32F4xx_HAL_Driver/Inc/stm32f4xx_hal_dma.h"
 501              		.file 11 "Drivers/STM32F4xx_HAL_Driver/Inc/stm32f4xx_hal_uart.h"
 502              		.file 12 "Drivers/STM32F4xx_HAL_Driver/Inc/stm32f4xx_hal.h"
 503              		.file 13 "<built-in>"
ARM GAS  C:\Users\tugru\AppData\Local\Temp\ccVNcpu7.s 			page 18


DEFINED SYMBOLS
                            *ABS*:00000000 main.c
C:\Users\tugru\AppData\Local\Temp\ccVNcpu7.s:21     .text.MX_GPIO_Init:00000000 $t
C:\Users\tugru\AppData\Local\Temp\ccVNcpu7.s:26     .text.MX_GPIO_Init:00000000 MX_GPIO_Init
C:\Users\tugru\AppData\Local\Temp\ccVNcpu7.s:165    .text.MX_GPIO_Init:0000009c $d
C:\Users\tugru\AppData\Local\Temp\ccVNcpu7.s:172    .text.Error_Handler:00000000 $t
C:\Users\tugru\AppData\Local\Temp\ccVNcpu7.s:178    .text.Error_Handler:00000000 Error_Handler
C:\Users\tugru\AppData\Local\Temp\ccVNcpu7.s:210    .text.MX_USART2_UART_Init:00000000 $t
C:\Users\tugru\AppData\Local\Temp\ccVNcpu7.s:215    .text.MX_USART2_UART_Init:00000000 MX_USART2_UART_Init
C:\Users\tugru\AppData\Local\Temp\ccVNcpu7.s:270    .text.MX_USART2_UART_Init:0000002c $d
C:\Users\tugru\AppData\Local\Temp\ccVNcpu7.s:489    .bss.huart2:00000000 huart2
C:\Users\tugru\AppData\Local\Temp\ccVNcpu7.s:276    .text.SystemClock_Config:00000000 $t
C:\Users\tugru\AppData\Local\Temp\ccVNcpu7.s:282    .text.SystemClock_Config:00000000 SystemClock_Config
C:\Users\tugru\AppData\Local\Temp\ccVNcpu7.s:428    .text.SystemClock_Config:0000009c $d
C:\Users\tugru\AppData\Local\Temp\ccVNcpu7.s:434    .text.main:00000000 $t
C:\Users\tugru\AppData\Local\Temp\ccVNcpu7.s:440    .text.main:00000000 main
C:\Users\tugru\AppData\Local\Temp\ccVNcpu7.s:480    .text.main:00000024 $d
C:\Users\tugru\AppData\Local\Temp\ccVNcpu7.s:486    .bss.huart2:00000000 $d

UNDEFINED SYMBOLS
HAL_GPIO_WritePin
HAL_GPIO_Init
HAL_UART_Init
memset
HAL_RCC_OscConfig
HAL_RCC_ClockConfig
HAL_Init
HAL_GPIO_TogglePin
HAL_Delay
